<?xml version="1.0" encoding="UTF-8"?>
<!-- Generated by org.testng.reporters.JUnitXMLReporter -->
<testsuite hostname="LAPTOP-2NC6VFDD" ignored="0" name="PatternTest" tests="1" failures="1" timestamp="09 Dec 2020 23:34:11 GMT" time="15.43" errors="0">
  <testcase name="patternMatch" time="4.843" classname="privatefw.E2E.Pattern">
    <failure type="junit.framework.ComparisonFailure" message="expected:&amp;lt;...er...&amp;gt; but was:&amp;lt;......&amp;gt;">
      <![CDATA[junit.framework.ComparisonFailure: expected:<...er...> but was:<......>
at junit.framework.Assert.assertEquals(Assert.java:81)
at junit.framework.Assert.assertEquals(Assert.java:87)
at privatefw.E2E.Pattern.patternMatch(Pattern.java:44)
at java.util.concurrent.FutureTask.run(FutureTask.java:266)
at java.util.concurrent.ThreadPoolExecutor.runWorker(ThreadPoolExecutor.java:1149)
at java.util.concurrent.ThreadPoolExecutor$Worker.run(ThreadPoolExecutor.java:624)
at java.lang.Thread.run(Thread.java:748)
... Removed 16 stack frames]]>
    </failure>
  </testcase> <!-- patternMatch -->
</testsuite> <!-- PatternTest -->
