<?xml version="1.0" encoding="UTF-8"?>
<!-- Generated by org.testng.reporters.JUnitXMLReporter -->
<testsuite hostname="LAPTOP-2NC6VFDD" ignored="0" name="PatternTest" tests="1" failures="1" timestamp="13 Dec 2020 19:35:44 GMT" time="7.769" errors="0">
  <testcase name="patternMatch" time="3.892" classname="privatefw.E2E.Pattern">
    <failure type="junit.framework.ComparisonFailure" message="expected:&amp;lt;...er...&amp;gt; but was:&amp;lt;......&amp;gt;">
      <![CDATA[junit.framework.ComparisonFailure: expected:<...er...> but was:<......>
at junit.framework.Assert.assertEquals(Assert.java:81)
at junit.framework.Assert.assertEquals(Assert.java:87)
at privatefw.E2E.Pattern.patternMatch(Pattern.java:44)
... Removed 29 stack frames]]>
    </failure>
  </testcase> <!-- patternMatch -->
</testsuite> <!-- PatternTest -->
