<?xml version="1.0" encoding="UTF-8"?>
<!-- Generated by org.testng.reporters.JUnitXMLReporter -->
<testsuite hostname="LAPTOP-2NC6VFDD" ignored="0" name="Test" tests="3" failures="0" timestamp="09 Dec 2020 19:21:48 GMT" time="13.941" errors="0">
  <testcase name="launch" time="6.723" classname="privatefw.E2E.FirstTest"/>
  <testcase name="launch" time="3.192" classname="privatefw.E2E.FirstTest"/>
  <testcase name="sample" time="0.0" classname="privatefw.E2E.Sample"/>
</testsuite> <!-- Test -->
