-------------------------------------------------------------------------------
Test set: TestSuite
-------------------------------------------------------------------------------
Tests run: 5, Failures: 1, Errors: 0, Skipped: 0, Time elapsed: 16.662 s <<< FAILURE! - in TestSuite
privatefw.E2E.Pattern.patternMatch  Time elapsed: 3.791 s  <<< FAILURE!
junit.framework.ComparisonFailure: expected:<...er...> but was:<......>
	at privatefw.E2E.Pattern.patternMatch(Pattern.java:44)

