<?xml version="1.0" encoding="UTF-8"?>
<testng-results skipped="0" failed="1" ignored="0" total="6" passed="5">
  <reporter-output>
  </reporter-output>
  <suite name="Suite" duration-ms="40776" started-at="2020-12-13T19:35:15Z" finished-at="2020-12-13T19:35:55Z">
    <groups>
    </groups>
    <test name="TestNavigation" duration-ms="13754" started-at="2020-12-13T19:35:15Z" finished-at="2020-12-13T19:35:28Z">
      <class name="privatefw.E2E.FirstTest">
        <test-method status="PASS" signature="setUp()[pri:0, instance:privatefw.E2E.FirstTest@55cf0d14]" name="setUp" is-config="true" duration-ms="3305" started-at="2020-12-13T19:35:15Z" finished-at="2020-12-13T19:35:18Z">
          <reporter-output>
          </reporter-output>
        </test-method> <!-- setUp -->
        <test-method status="PASS" signature="launch(java.lang.String, java.lang.String)[pri:0, instance:privatefw.E2E.FirstTest@55cf0d14]" name="launch" duration-ms="6978" started-at="2020-12-13T19:35:18Z" data-provider="getData" finished-at="2020-12-13T19:35:25Z">
          <params>
            <param index="0">
              <value>
                <![CDATA[abc@gmail.com]]>
              </value>
            </param>
            <param index="1">
              <value>
                <![CDATA[pass]]>
              </value>
            </param>
          </params>
          <reporter-output>
          </reporter-output>
        </test-method> <!-- launch -->
        <test-method status="PASS" signature="launch(java.lang.String, java.lang.String)[pri:0, instance:privatefw.E2E.FirstTest@55cf0d14]" name="launch" duration-ms="2888" started-at="2020-12-13T19:35:25Z" data-provider="getData" finished-at="2020-12-13T19:35:28Z">
          <params>
            <param index="0">
              <value>
                <![CDATA[xyz@gmail.com]]>
              </value>
            </param>
            <param index="1">
              <value>
                <![CDATA[pass]]>
              </value>
            </param>
          </params>
          <reporter-output>
          </reporter-output>
        </test-method> <!-- launch -->
        <test-method status="PASS" signature="tearDown()[pri:0, instance:privatefw.E2E.FirstTest@55cf0d14]" name="tearDown" is-config="true" duration-ms="561" started-at="2020-12-13T19:35:28Z" finished-at="2020-12-13T19:35:28Z">
          <reporter-output>
          </reporter-output>
        </test-method> <!-- tearDown -->
      </class> <!-- privatefw.E2E.FirstTest -->
    </test> <!-- TestNavigation -->
    <test name="SampleTest" duration-ms="0" started-at="2020-12-13T19:35:28Z" finished-at="2020-12-13T19:35:28Z">
      <class name="privatefw.E2E.Sample">
        <test-method status="PASS" signature="sample()[pri:0, instance:privatefw.E2E.Sample@16b2bb0c]" name="sample" duration-ms="0" started-at="2020-12-13T19:35:28Z" finished-at="2020-12-13T19:35:28Z">
          <reporter-output>
          </reporter-output>
        </test-method> <!-- sample -->
      </class> <!-- privatefw.E2E.Sample -->
    </test> <!-- SampleTest -->
    <test name="AppTest" duration-ms="0" started-at="2020-12-13T19:35:29Z" finished-at="2020-12-13T19:35:29Z">
    </test> <!-- AppTest -->
    <test name="HomePageTest" duration-ms="7974" started-at="2020-12-13T19:35:29Z" finished-at="2020-12-13T19:35:36Z">
      <class name="privatefw.E2E.Navigation">
        <test-method status="PASS" signature="setUp()[pri:0, instance:privatefw.E2E.Navigation@4dc8caa7]" name="setUp" is-config="true" duration-ms="3123" started-at="2020-12-13T19:35:29Z" finished-at="2020-12-13T19:35:32Z">
          <reporter-output>
          </reporter-output>
        </test-method> <!-- setUp -->
        <test-method status="PASS" signature="naviBar()[pri:0, instance:privatefw.E2E.Navigation@4dc8caa7]" name="naviBar" duration-ms="4303" started-at="2020-12-13T19:35:32Z" finished-at="2020-12-13T19:35:36Z">
          <reporter-output>
          </reporter-output>
        </test-method> <!-- naviBar -->
        <test-method status="PASS" signature="tearDown()[pri:0, instance:privatefw.E2E.Navigation@4dc8caa7]" name="tearDown" is-config="true" duration-ms="547" started-at="2020-12-13T19:35:36Z" finished-at="2020-12-13T19:35:36Z">
          <reporter-output>
          </reporter-output>
        </test-method> <!-- tearDown -->
      </class> <!-- privatefw.E2E.Navigation -->
    </test> <!-- HomePageTest -->
    <test name="PatternTest" duration-ms="7769" started-at="2020-12-13T19:35:37Z" finished-at="2020-12-13T19:35:44Z">
      <class name="privatefw.E2E.Pattern">
        <test-method status="PASS" signature="setUp()[pri:0, instance:privatefw.E2E.Pattern@6c45ee6e]" name="setUp" is-config="true" duration-ms="3043" started-at="2020-12-13T19:35:37Z" finished-at="2020-12-13T19:35:40Z">
          <reporter-output>
          </reporter-output>
        </test-method> <!-- setUp -->
        <test-method status="FAIL" signature="patternMatch()[pri:0, instance:privatefw.E2E.Pattern@6c45ee6e]" name="patternMatch" duration-ms="3892" started-at="2020-12-13T19:35:40Z" finished-at="2020-12-13T19:35:43Z">
          <exception class="junit.framework.ComparisonFailure">
            <message>
              <![CDATA[expected:<...er...> but was:<......>]]>
            </message>
            <full-stacktrace>
              <![CDATA[junit.framework.ComparisonFailure: expected:<...er...> but was:<......>
at junit.framework.Assert.assertEquals(Assert.java:81)
at junit.framework.Assert.assertEquals(Assert.java:87)
at privatefw.E2E.Pattern.patternMatch(Pattern.java:44)
at sun.reflect.NativeMethodAccessorImpl.invoke0(Native Method)
at sun.reflect.NativeMethodAccessorImpl.invoke(NativeMethodAccessorImpl.java:62)
at sun.reflect.DelegatingMethodAccessorImpl.invoke(DelegatingMethodAccessorImpl.java:43)
at java.lang.reflect.Method.invoke(Method.java:498)
at org.testng.internal.MethodInvocationHelper.invokeMethod(MethodInvocationHelper.java:124)
at org.testng.internal.Invoker.invokeMethod(Invoker.java:583)
at org.testng.internal.Invoker.invokeTestMethod(Invoker.java:719)
at org.testng.internal.Invoker.invokeTestMethods(Invoker.java:989)
at org.testng.internal.TestMethodWorker.invokeTestMethods(TestMethodWorker.java:125)
at org.testng.internal.TestMethodWorker.run(TestMethodWorker.java:109)
at org.testng.TestRunner.privateRun(TestRunner.java:648)
at org.testng.TestRunner.run(TestRunner.java:505)
at org.testng.SuiteRunner.runTest(SuiteRunner.java:455)
at org.testng.SuiteRunner.runSequentially(SuiteRunner.java:450)
at org.testng.SuiteRunner.privateRun(SuiteRunner.java:415)
at org.testng.SuiteRunner.run(SuiteRunner.java:364)
at org.testng.SuiteRunnerWorker.runSuite(SuiteRunnerWorker.java:52)
at org.testng.SuiteRunnerWorker.run(SuiteRunnerWorker.java:84)
at org.testng.TestNG.runSuitesSequentially(TestNG.java:1208)
at org.testng.TestNG.runSuitesLocally(TestNG.java:1137)
at org.testng.TestNG.runSuites(TestNG.java:1049)
at org.testng.TestNG.run(TestNG.java:1017)
at org.apache.maven.surefire.testng.TestNGExecutor.run(TestNGExecutor.java:284)
at org.apache.maven.surefire.testng.TestNGXmlTestSuite.execute(TestNGXmlTestSuite.java:75)
at org.apache.maven.surefire.testng.TestNGProvider.invoke(TestNGProvider.java:119)
at org.apache.maven.surefire.booter.ForkedBooter.runSuitesInProcess(ForkedBooter.java:428)
at org.apache.maven.surefire.booter.ForkedBooter.execute(ForkedBooter.java:162)
at org.apache.maven.surefire.booter.ForkedBooter.run(ForkedBooter.java:562)
at org.apache.maven.surefire.booter.ForkedBooter.main(ForkedBooter.java:548)
]]>
            </full-stacktrace>
          </exception> <!-- junit.framework.ComparisonFailure -->
          <reporter-output>
          </reporter-output>
        </test-method> <!-- patternMatch -->
        <test-method status="PASS" signature="tearDown()[pri:0, instance:privatefw.E2E.Pattern@6c45ee6e]" name="tearDown" is-config="true" duration-ms="552" started-at="2020-12-13T19:35:44Z" finished-at="2020-12-13T19:35:44Z">
          <reporter-output>
          </reporter-output>
        </test-method> <!-- tearDown -->
      </class> <!-- privatefw.E2E.Pattern -->
    </test> <!-- PatternTest -->
    <test name="PatternTest2" duration-ms="10977" started-at="2020-12-13T19:35:44Z" finished-at="2020-12-13T19:35:55Z">
      <class name="privatefw.E2E.Obtimize">
        <test-method status="PASS" signature="setUp()[pri:0, instance:privatefw.E2E.Obtimize@7ca33c24]" name="setUp" is-config="true" duration-ms="2980" started-at="2020-12-13T19:35:44Z" finished-at="2020-12-13T19:35:47Z">
          <reporter-output>
          </reporter-output>
        </test-method> <!-- setUp -->
        <test-method status="PASS" signature="launch()[pri:0, instance:privatefw.E2E.Obtimize@7ca33c24]" name="launch" duration-ms="7428" started-at="2020-12-13T19:35:47Z" finished-at="2020-12-13T19:35:55Z">
          <reporter-output>
          </reporter-output>
        </test-method> <!-- launch -->
        <test-method status="PASS" signature="tearDown()[pri:0, instance:privatefw.E2E.Obtimize@7ca33c24]" name="tearDown" is-config="true" duration-ms="567" started-at="2020-12-13T19:35:55Z" finished-at="2020-12-13T19:35:55Z">
          <reporter-output>
          </reporter-output>
        </test-method> <!-- tearDown -->
      </class> <!-- privatefw.E2E.Obtimize -->
    </test> <!-- PatternTest2 -->
  </suite> <!-- Suite -->
</testng-results>
