<?xml version="1.0" encoding="UTF-8"?>
<testsuite xmlns:xsi="http://www.w3.org/2001/XMLSchema-instance" xsi:noNamespaceSchemaLocation="https://maven.apache.org/surefire/maven-surefire-plugin/xsd/surefire-test-report-3.0.xsd" version="3.0" name="TestSuite" time="42.334" tests="6" errors="0" skipped="0" failures="1">
  <properties>
[...]
</properties>
  <testcase name="launch[abc@gmail.com, pass](1)" classname="privatefw.E2E.FirstTest" time="6.973">
    <system-out><![CDATA[[TestNGContentHandler] [WARN] It is strongly recommended to add "<!DOCTYPE suite SYSTEM "http://testng.org/testng-1.0.dtd" >" at the top of your file, otherwise TestNG may fail or not work as expected.
13:35:18.331 [main] INFO  resources.Base - Driver successfully installed
13:35:22.321 [main] INFO  resources.Base - Navigation to the URL succeeded
13:35:22.363 [main] INFO  resources.Base - Navigation bar is present
13:35:22.387 [main] INFO  resources.Base - Text is validated in home screen
13:35:24.867 [main] INFO  resources.Base - Able to land on login page
]]></system-out>
    <system-err><![CDATA[Starting ChromeDriver 87.0.4280.20 (c99e81631faa0b2a448e658c0dbd8311fb04ddbd-refs/branch-heads/4280@{#355}) on port 43302
Only local connections are allowed.
Please see https://chromedriver.chromium.org/security-considerations for suggestions on keeping ChromeDriver safe.
ChromeDriver was started successfully.
Dec 13, 2020 1:35:18 PM org.openqa.selenium.remote.ProtocolHandshake createSession
INFO: Detected dialect: W3C
]]></system-err>
  </testcase>
  <testcase name="launch[xyz@gmail.com, pass](2)" classname="privatefw.E2E.FirstTest" time="2.889">
    <system-out><![CDATA[13:35:26.182 [main] INFO  resources.Base - Navigation to the URL succeeded
13:35:26.211 [main] INFO  resources.Base - Navigation bar is present
13:35:26.234 [main] INFO  resources.Base - Text is validated in home screen
13:35:27.850 [main] INFO  resources.Base - Able to land on login page
]]></system-out>
  </testcase>
  <testcase name="sample" classname="privatefw.E2E.Sample" time="0">
    <system-out><![CDATA[13:35:28.781 [main] INFO  resources.Base - Browser closed
Hey, I'm just executing for fun!
]]></system-out>
  </testcase>
  <testcase name="naviBar" classname="privatefw.E2E.Navigation" time="4.294">
    <system-out><![CDATA[13:35:32.148 [main] INFO  resources.Base - Driver successfully installed
13:35:36.415 [main] INFO  resources.Base - Navigation to the URL succeeded
13:35:36.451 [main] INFO  resources.Base - Navigation bar is present
]]></system-out>
    <system-err><![CDATA[Starting ChromeDriver 87.0.4280.20 (c99e81631faa0b2a448e658c0dbd8311fb04ddbd-refs/branch-heads/4280@{#355}) on port 45622
Only local connections are allowed.
Please see https://chromedriver.chromium.org/security-considerations for suggestions on keeping ChromeDriver safe.
ChromeDriver was started successfully.
Dec 13, 2020 1:35:32 PM org.openqa.selenium.remote.ProtocolHandshake createSession
INFO: Detected dialect: W3C
]]></system-err>
  </testcase>
  <testcase name="patternMatch" classname="privatefw.E2E.Pattern" time="3.892">
    <failure message="expected:&lt;...er...&gt; but was:&lt;......&gt;" type="junit.framework.ComparisonFailure"><![CDATA[junit.framework.ComparisonFailure: expected:<...er...> but was:<......>
	at privatefw.E2E.Pattern.patternMatch(Pattern.java:44)
]]></failure>
    <system-out><![CDATA[13:35:36.999 [main] INFO  resources.Base - Browser closed
13:35:40.059 [main] INFO  resources.Base - Driver successfully installed
13:35:43.926 [main] INFO  resources.Base - Navigation to the URL succeeded
]]></system-out>
    <system-err><![CDATA[Starting ChromeDriver 87.0.4280.20 (c99e81631faa0b2a448e658c0dbd8311fb04ddbd-refs/branch-heads/4280@{#355}) on port 29022
Only local connections are allowed.
Please see https://chromedriver.chromium.org/security-considerations for suggestions on keeping ChromeDriver safe.
ChromeDriver was started successfully.
Dec 13, 2020 1:35:40 PM org.openqa.selenium.remote.ProtocolHandshake createSession
INFO: Detected dialect: W3C
]]></system-err>
  </testcase>
  <testcase name="launch" classname="privatefw.E2E.Obtimize" time="7.425">
    <system-out><![CDATA[13:35:44.785 [main] INFO  resources.Base - Browser closed
13:35:47.806 [main] INFO  resources.Base - Driver successfully installed
13:35:51.739 [main] INFO  resources.Base - Navigation to the URL succeeded
13:35:53.831 [main] INFO  resources.Base - Able to land on login page
13:35:55.234 [main] INFO  resources.Base - Text verification successful
]]></system-out>
    <system-err><![CDATA[Starting ChromeDriver 87.0.4280.20 (c99e81631faa0b2a448e658c0dbd8311fb04ddbd-refs/branch-heads/4280@{#355}) on port 8714
Only local connections are allowed.
Please see https://chromedriver.chromium.org/security-considerations for suggestions on keeping ChromeDriver safe.
ChromeDriver was started successfully.
Dec 13, 2020 1:35:47 PM org.openqa.selenium.remote.ProtocolHandshake createSession
INFO: Detected dialect: W3C
]]></system-err>
  </testcase>
</testsuite>