<?xml version="1.0" encoding="UTF-8"?>
<testsuite xmlns:xsi="http://www.w3.org/2001/XMLSchema-instance" xsi:noNamespaceSchemaLocation="https://maven.apache.org/surefire/maven-surefire-plugin/xsd/surefire-test-report-3.0.xsd" version="3.0" name="TestSuite" time="16.662" tests="5" errors="0" skipped="0" failures="1">
  <properties>
[...]
</properties>
  <testcase name="sample" classname="privatefw.E2E.Sample" time="0.002">
    <system-out><![CDATA[[TestNGContentHandler] [WARN] It is strongly recommended to add "<!DOCTYPE suite SYSTEM "http://testng.org/testng-1.0.dtd" >" at the top of your file, otherwise TestNG may fail or not work as expected.
Hey, I'm just executing for fun!
]]></system-out>
  </testcase>
  <testcase name="naviBar" classname="privatefw.E2E.Navigation" time="4.323">
    <system-err><![CDATA[Starting ChromeDriver 87.0.42S8St0t.aa2rr0tti ni(g cnC9hgr9 omeCe8Dhr1riv6oe3rm 1e8f7Da.0ar.04i2bv820ea.r24 04 88(e7c6.9905e.8814c6023d18fba0da8.03b2120a14 4f(8bec6095849ced08d1bdd68b331d11ff-ab0ra4ed0fdbsbd/2-rabe4frs4a/b8nreacn6hc5-h8-hchee0aaddds/sb42/d8408@23{#8130515@}f{)b# o30n 54p5odr}dt)b  4d5o-54nr1 e
fpOsnol/ryb tlr oac3anl0c 7hc2o-n5hnee
catOidnosln/ys  4al2roe8 c0aa@lll{o #w3ecdo5.n5
n}P)lee acsote ni osepne oshrt ttaps r:4/e/8 cha5rl1o8mledo
rOwivneelrd.yc.h rlo
moiPcualmle. oacrsoge n/nsesececteui roihnttsyt- pcsoa:nrs/i/edce rharatoimolenlds rofiowvr eesrdu.g.gcehsr
toiPmoinlsu meo.nao rskge/ees peiscngue reCih trhoymt-ecDtornipsvsiedr:e r/saa/tfieco.nh
sr foorm esdurgigveers.tcihornomsi uomn. koeregp/isnge cCuhrroimteDyr-ivceorn ssaifde.er
ations for suggestions on keeping ChCrhormoemeDDrriivveCerhr r sowaamsfe eDs.trair
vteedCr  hwsaruso cmsectDaerrissvtfeeudl rlys .ucwc
aess ssftualrlty.ed
 successfully.
Dec 09, 2020 5:33:59 PM org.openqa.selenium.remote.ProtocolHandshake createSession
INFO: Detected dialect: W3C
Dec 09, 2020 5:33:59 PM org.openqa.selenium.remote.ProtocolHandshake createSession
INFO: Detected dialect: W3C
Dec 09, 2020 5:33:59 PM org.openqa.selenium.remote.ProtocolHandshake createSession
INFO: Detected dialect: W3C
]]></system-err>
  </testcase>
  <testcase name="launch[abc@gmail.com, pass](1)" classname="privatefw.E2E.FirstTest" time="7.391"/>
  <testcase name="launch[xyz@gmail.com, pass](2)" classname="privatefw.E2E.FirstTest" time="3.291"/>
  <testcase name="patternMatch" classname="privatefw.E2E.Pattern" time="3.791">
    <failure message="expected:&lt;...er...&gt; but was:&lt;......&gt;" type="junit.framework.ComparisonFailure"><![CDATA[junit.framework.ComparisonFailure: expected:<...er...> but was:<......>
	at privatefw.E2E.Pattern.patternMatch(Pattern.java:44)
]]></failure>
  </testcase>
</testsuite>