<?xml version="1.0" encoding="UTF-8"?>
<testng-results skipped="0" failed="1" ignored="0" total="5" passed="4">
  <reporter-output>
  </reporter-output>
  <suite name="Suite" duration-ms="15430" started-at="2020-12-09T23:33:56Z" finished-at="2020-12-09T23:34:11Z">
    <groups>
    </groups>
    <test name="AppTest" duration-ms="3" started-at="2020-12-09T23:33:56Z" finished-at="2020-12-09T23:33:56Z">
    </test> <!-- AppTest -->
    <test name="SampleTest" duration-ms="15" started-at="2020-12-09T23:33:56Z" finished-at="2020-12-09T23:33:56Z">
      <class name="privatefw.E2E.Sample">
        <test-method status="PASS" signature="sample()[pri:0, instance:privatefw.E2E.Sample@2ddc9a9f]" name="sample" duration-ms="1" started-at="2020-12-09T23:33:56Z" finished-at="2020-12-09T23:33:56Z">
          <reporter-output>
          </reporter-output>
        </test-method> <!-- sample -->
      </class> <!-- privatefw.E2E.Sample -->
    </test> <!-- SampleTest -->
    <test name="HomePageTest" duration-ms="8555" started-at="2020-12-09T23:33:56Z" finished-at="2020-12-09T23:34:04Z">
      <class name="privatefw.E2E.Navigation">
        <test-method status="PASS" signature="setUp()[pri:0, instance:privatefw.E2E.Navigation@5b7a8434]" name="setUp" is-config="true" duration-ms="3496" started-at="2020-12-09T23:33:56Z" finished-at="2020-12-09T23:33:59Z">
          <reporter-output>
          </reporter-output>
        </test-method> <!-- setUp -->
        <test-method status="PASS" signature="naviBar()[pri:0, instance:privatefw.E2E.Navigation@5b7a8434]" name="naviBar" duration-ms="4481" started-at="2020-12-09T23:33:59Z" finished-at="2020-12-09T23:34:04Z">
          <reporter-output>
          </reporter-output>
        </test-method> <!-- naviBar -->
        <test-method status="PASS" signature="tearDown()[pri:0, instance:privatefw.E2E.Navigation@5b7a8434]" name="tearDown" is-config="true" duration-ms="577" started-at="2020-12-09T23:34:04Z" finished-at="2020-12-09T23:34:04Z">
          <reporter-output>
          </reporter-output>
        </test-method> <!-- tearDown -->
      </class> <!-- privatefw.E2E.Navigation -->
    </test> <!-- HomePageTest -->
    <test name="TestNavigation" duration-ms="14953" started-at="2020-12-09T23:33:56Z" finished-at="2020-12-09T23:34:11Z">
      <class name="privatefw.E2E.FirstTest">
        <test-method status="PASS" signature="setUp()[pri:0, instance:privatefw.E2E.FirstTest@229c6181]" name="setUp" is-config="true" duration-ms="3565" started-at="2020-12-09T23:33:56Z" finished-at="2020-12-09T23:33:59Z">
          <reporter-output>
          </reporter-output>
        </test-method> <!-- setUp -->
        <test-method status="PASS" signature="launch(java.lang.String, java.lang.String)[pri:0, instance:privatefw.E2E.FirstTest@229c6181]" name="launch" duration-ms="7477" started-at="2020-12-09T23:33:59Z" data-provider="getData" finished-at="2020-12-09T23:34:07Z">
          <params>
            <param index="0">
              <value>
                <![CDATA[abc@gmail.com]]>
              </value>
            </param>
            <param index="1">
              <value>
                <![CDATA[pass]]>
              </value>
            </param>
          </params>
          <reporter-output>
          </reporter-output>
        </test-method> <!-- launch -->
        <test-method status="PASS" signature="launch(java.lang.String, java.lang.String)[pri:0, instance:privatefw.E2E.FirstTest@229c6181]" name="launch" duration-ms="3291" started-at="2020-12-09T23:34:07Z" data-provider="getData" finished-at="2020-12-09T23:34:10Z">
          <params>
            <param index="0">
              <value>
                <![CDATA[xyz@gmail.com]]>
              </value>
            </param>
            <param index="1">
              <value>
                <![CDATA[pass]]>
              </value>
            </param>
          </params>
          <reporter-output>
          </reporter-output>
        </test-method> <!-- launch -->
        <test-method status="PASS" signature="tearDown()[pri:0, instance:privatefw.E2E.FirstTest@229c6181]" name="tearDown" is-config="true" duration-ms="615" started-at="2020-12-09T23:34:10Z" finished-at="2020-12-09T23:34:11Z">
          <reporter-output>
          </reporter-output>
        </test-method> <!-- tearDown -->
      </class> <!-- privatefw.E2E.FirstTest -->
    </test> <!-- TestNavigation -->
    <test name="PatternTest" duration-ms="15430" started-at="2020-12-09T23:33:56Z" finished-at="2020-12-09T23:34:11Z">
      <class name="privatefw.E2E.Pattern">
        <test-method status="PASS" signature="setUp()[pri:0, instance:privatefw.E2E.Pattern@1672fe87]" name="setUp" is-config="true" duration-ms="3495" started-at="2020-12-09T23:33:56Z" finished-at="2020-12-09T23:33:59Z">
          <reporter-output>
          </reporter-output>
        </test-method> <!-- setUp -->
        <test-method status="FAIL" signature="patternMatch()[pri:0, instance:privatefw.E2E.Pattern@1672fe87]" name="patternMatch" duration-ms="4843" started-at="2020-12-09T23:33:59Z" finished-at="2020-12-09T23:34:04Z">
          <exception class="junit.framework.ComparisonFailure">
            <message>
              <![CDATA[expected:<...er...> but was:<......>]]>
            </message>
            <full-stacktrace>
              <![CDATA[junit.framework.ComparisonFailure: expected:<...er...> but was:<......>
at junit.framework.Assert.assertEquals(Assert.java:81)
at junit.framework.Assert.assertEquals(Assert.java:87)
at privatefw.E2E.Pattern.patternMatch(Pattern.java:44)
at sun.reflect.NativeMethodAccessorImpl.invoke0(Native Method)
at sun.reflect.NativeMethodAccessorImpl.invoke(NativeMethodAccessorImpl.java:62)
at sun.reflect.DelegatingMethodAccessorImpl.invoke(DelegatingMethodAccessorImpl.java:43)
at java.lang.reflect.Method.invoke(Method.java:498)
at org.testng.internal.MethodInvocationHelper.invokeMethod(MethodInvocationHelper.java:124)
at org.testng.internal.Invoker.invokeMethod(Invoker.java:583)
at org.testng.internal.Invoker.invokeTestMethod(Invoker.java:719)
at org.testng.internal.Invoker.invokeTestMethods(Invoker.java:989)
at org.testng.internal.TestMethodWorker.invokeTestMethods(TestMethodWorker.java:125)
at org.testng.internal.TestMethodWorker.run(TestMethodWorker.java:109)
at org.testng.TestRunner.privateRun(TestRunner.java:648)
at org.testng.TestRunner.run(TestRunner.java:505)
at org.testng.SuiteRunner.runTest(SuiteRunner.java:455)
at org.testng.SuiteRunner.access$000(SuiteRunner.java:40)
at org.testng.SuiteRunner$SuiteWorker.run(SuiteRunner.java:489)
at org.testng.internal.thread.ThreadUtil$1.call(ThreadUtil.java:52)
at java.util.concurrent.FutureTask.run(FutureTask.java:266)
at java.util.concurrent.ThreadPoolExecutor.runWorker(ThreadPoolExecutor.java:1149)
at java.util.concurrent.ThreadPoolExecutor$Worker.run(ThreadPoolExecutor.java:624)
at java.lang.Thread.run(Thread.java:748)
]]>
            </full-stacktrace>
          </exception> <!-- junit.framework.ComparisonFailure -->
          <reporter-output>
          </reporter-output>
        </test-method> <!-- patternMatch -->
        <test-method status="PASS" signature="tearDown()[pri:0, instance:privatefw.E2E.Pattern@1672fe87]" name="tearDown" is-config="true" duration-ms="593" started-at="2020-12-09T23:34:11Z" finished-at="2020-12-09T23:34:11Z">
          <reporter-output>
          </reporter-output>
        </test-method> <!-- tearDown -->
      </class> <!-- privatefw.E2E.Pattern -->
    </test> <!-- PatternTest -->
  </suite> <!-- Suite -->
</testng-results>
